<?xml version="1.0" encoding="UTF-8"?>
<!-- Generated by org.testng.reporters.JUnitReportReporter -->
<testsuite hostname="DESKTOP-QTJOPQL" failures="0" tests="1" name="testcase.TimecardTest" time="7.956" errors="0" timestamp="2023-12-22T23:56:45 IST" skipped="0">
  <testcase classname="testcase.TimecardTest" name="verifyTimeTeammemberrequired" time="7.956"/>
  <system-out/>
</testsuite> <!-- testcase.TimecardTest -->
