<?xml version="1.0" encoding="UTF-8"?>
<!-- Generated by org.testng.reporters.JUnitReportReporter -->
<testsuite hostname="DESKTOP-QTJOPQL" failures="0" tests="2" name="testcase.MessagePageTest" time="17.968" errors="0" timestamp="2023-12-25T07:52:44 IST" skipped="0">
  <testcase classname="testcase.MessagePageTest" name="verifyUsermessagesent" time="10.526"/>
  <system-out/>
  <testcase classname="testcase.MessagePageTest" name="verifyUserSubjectRequired" time="7.442"/>
  <system-out/>
</testsuite> <!-- testcase.MessagePageTest -->
