<?xml version="1.0" encoding="UTF-8"?>
<!-- Generated by org.testng.reporters.JUnitReportReporter -->
<testsuite hostname="DESKTOP-QTJOPQL" failures="0" tests="2" name="testcase.ProfilePageTest" time="16.067" errors="0" timestamp="2023-12-21T20:26:34 IST" skipped="0">
  <testcase classname="testcase.ProfilePageTest" name="verifyFirstName" time="8.573"/>
  <system-out/>
  <testcase classname="testcase.ProfilePageTest" name="verifyUseraddprofileAddress" time="7.494"/>
  <system-out/>
</testsuite> <!-- testcase.ProfilePageTest -->
