<?xml version="1.0" encoding="UTF-8"?>
<!-- Generated by org.testng.reporters.JUnitReportReporter -->
<testsuite hostname="DESKTOP-QTJOPQL" failures="0" tests="1" name="testcase.AnnouncementTest" time="12.201" errors="0" timestamp="2023-12-10T12:19:55 IST" skipped="0">
  <testcase classname="testcase.AnnouncementTest" name="verifyAddAnnouncements" time="12.201"/>
  <system-out/>
</testsuite> <!-- testcase.AnnouncementTest -->
