<?xml version="1.0" encoding="UTF-8"?>
<!-- Generated by org.testng.reporters.JUnitReportReporter -->
<testsuite hostname="DESKTOP-QTJOPQL" failures="0" tests="1" name="testcase.ClientsPageTest" time="10.463" errors="0" timestamp="2024-01-02T07:16:28 IST" skipped="0">
  <testcase classname="testcase.ClientsPageTest" name="verifyAddClientsTest" time="10.463"/>
  <system-out/>
</testsuite> <!-- testcase.ClientsPageTest -->
