<?xml version="1.0" encoding="UTF-8"?>
<!-- Generated by org.testng.reporters.JUnitReportReporter -->
<testsuite hostname="DESKTOP-QTJOPQL" failures="0" tests="2" name="testcase.MessagePageTest" time="15.576" errors="0" timestamp="2023-12-21T20:26:34 IST" skipped="0">
  <testcase classname="testcase.MessagePageTest" name="verifyUserSubjectRequired" time="7.701"/>
  <system-out/>
  <testcase classname="testcase.MessagePageTest" name="verifyUsermessagesent" time="7.875"/>
  <system-out/>
</testsuite> <!-- testcase.MessagePageTest -->
