<?xml version="1.0" encoding="UTF-8"?>
<!-- Generated by org.testng.reporters.JUnitReportReporter -->
<testsuite hostname="DESKTOP-QTJOPQL" failures="0" tests="1" name="testcase.LoginPageTest" time="6.643" errors="0" timestamp="2024-01-09T23:11:45 IST" skipped="0">
  <testcase classname="testcase.LoginPageTest" name="verifyInvalidusername" time="6.643"/>
  <system-out/>
</testsuite> <!-- testcase.LoginPageTest -->
