<?xml version="1.0" encoding="UTF-8"?>
<!-- Generated by org.testng.reporters.JUnitReportReporter -->
<testsuite hostname="DESKTOP-QTJOPQL" failures="0" tests="2" name="testcase.TimecardTest" time="30.453" errors="0" timestamp="2024-01-09T23:03:17 IST" skipped="0">
  <testcase classname="testcase.TimecardTest" name="verifyTimeTeammember" time="10.762"/>
  <system-out/>
  <testcase classname="testcase.TimecardTest" name="verifyInTimerequired" time="19.691"/>
  <system-out/>
</testsuite> <!-- testcase.TimecardTest -->
