<?xml version="1.0" encoding="UTF-8"?>
<!-- Generated by org.testng.reporters.JUnitReportReporter -->
<testsuite hostname="DESKTOP-QTJOPQL" failures="0" tests="2" name="testcase.AnnouncementTest" time="17.632" errors="0" timestamp="2023-12-14T18:11:09 IST" skipped="0">
  <testcase classname="testcase.AnnouncementTest" name="verifyAddAnnouncementsTitle" time="8.289"/>
  <system-out/>
  <testcase classname="testcase.AnnouncementTest" name="titleErrorAnnouncement" time="9.343"/>
  <system-out/>
</testsuite> <!-- testcase.AnnouncementTest -->
