<?xml version="1.0" encoding="UTF-8"?>
<!-- Generated by org.testng.reporters.JUnitReportReporter -->
<testsuite hostname="DESKTOP-QTJOPQL" failures="0" tests="2" name="testcase.AnnouncementTest" time="17.314" errors="0" timestamp="2024-01-02T07:04:51 IST" skipped="0">
  <testcase classname="testcase.AnnouncementTest" name="titleErrorAnnouncement" time="9.256"/>
  <system-out/>
  <testcase classname="testcase.AnnouncementTest" name="verifyAddAnnouncementsTitle" time="8.058"/>
  <system-out/>
</testsuite> <!-- testcase.AnnouncementTest -->
