<?xml version="1.0" encoding="UTF-8"?>
<!-- Generated by org.testng.reporters.JUnitReportReporter -->
<testsuite hostname="DESKTOP-QTJOPQL" failures="0" tests="6" name="testcase.LoginPageTest" time="62.499" errors="0" timestamp="2023-12-14T20:12:42 IST" skipped="0">
  <testcase classname="testcase.LoginPageTest" name="invalid_username" time="6.451"/>
  <system-out/>
  <testcase classname="testcase.LoginPageTest" name="invalid_username" time="11.301"/>
  <system-out/>
  <testcase classname="testcase.LoginPageTest" name="invalid_username" time="6.629"/>
  <system-out/>
  <testcase classname="testcase.LoginPageTest" name="verifyValid_credentials" time="15.773"/>
  <system-out/>
  <testcase classname="testcase.LoginPageTest" name="verifyValid_credentials" time="7.664"/>
  <system-out/>
  <testcase classname="testcase.LoginPageTest" name="verifyValid_credentials" time="14.681"/>
  <system-out/>
</testsuite> <!-- testcase.LoginPageTest -->
