<?xml version="1.0" encoding="UTF-8"?>
<!-- Generated by org.testng.reporters.JUnitReportReporter -->
<testsuite hostname="DESKTOP-QTJOPQL" failures="0" tests="2" name="testcase.ProfilePageTest" time="14.115" errors="0" timestamp="2023-12-26T07:27:13 IST" skipped="0">
  <testcase classname="testcase.ProfilePageTest" name="verifyRequiredFirstName" time="8.412"/>
  <system-out/>
  <testcase classname="testcase.ProfilePageTest" name="verifyvalidationFirstname" time="5.703"/>
  <system-out/>
</testsuite> <!-- testcase.ProfilePageTest -->
