<?xml version="1.0" encoding="UTF-8"?>
<!-- Generated by org.testng.reporters.JUnitReportReporter -->
<testsuite hostname="DESKTOP-QTJOPQL" failures="0" tests="2" name="testcase.ItemsPageTest" time="24.980" errors="0" timestamp="2024-01-06T15:00:35 IST" skipped="0">
  <testcase classname="testcase.ItemsPageTest" name="verifyItemsTitle" time="12.363"/>
  <system-out/>
  <testcase classname="testcase.ItemsPageTest" name="verifyAddItemsDescription" time="12.617"/>
  <system-out/>
</testsuite> <!-- testcase.ItemsPageTest -->
