<?xml version="1.0" encoding="UTF-8"?>
<!-- Generated by org.testng.reporters.JUnitReportReporter -->
<testsuite hostname="DESKTOP-QTJOPQL" failures="0" tests="2" name="testcase.ItemsPageTest" time="22.760" errors="0" timestamp="2023-12-22T23:56:45 IST" skipped="0">
  <testcase classname="testcase.ItemsPageTest" name="verifyAddItemsDescription" time="11.250"/>
  <system-out/>
  <testcase classname="testcase.ItemsPageTest" name="verifyItemsTitle" time="11.510"/>
  <system-out/>
</testsuite> <!-- testcase.ItemsPageTest -->
