<?xml version="1.0" encoding="UTF-8"?>
<!-- Generated by org.testng.reporters.JUnitReportReporter -->
<testsuite hostname="DESKTOP-QTJOPQL" failures="0" tests="2" name="testcase.ItemsPageTest" time="27.675" errors="0" timestamp="2023-12-27T23:02:51 IST" skipped="0">
  <testcase classname="testcase.ItemsPageTest" name="verifyAddItemsDescription" time="14.458"/>
  <system-out/>
  <testcase classname="testcase.ItemsPageTest" name="verifyItemsTitle" time="13.217"/>
  <system-out/>
</testsuite> <!-- testcase.ItemsPageTest -->
