<?xml version="1.0" encoding="UTF-8"?>
<!-- Generated by org.testng.reporters.JUnitReportReporter -->
<testsuite hostname="DESKTOP-QTJOPQL" failures="0" tests="1" name="testcase.AnnouncementTest" time="9.346" errors="0" timestamp="2023-12-12T19:21:23 IST" skipped="0">
  <testcase classname="testcase.AnnouncementTest" name="verifyAddAnnouncements" time="9.346"/>
  <system-out/>
</testsuite> <!-- testcase.AnnouncementTest -->
