<?xml version="1.0" encoding="UTF-8"?>
<!-- Generated by org.testng.reporters.JUnitReportReporter -->
<testsuite hostname="DESKTOP-QTJOPQL" failures="0" tests="2" name="testcase.LoginPageTest" time="9.627" errors="0" timestamp="2024-01-03T07:36:22 IST" skipped="0">
  <testcase classname="testcase.LoginPageTest" name="invalidusername" time="5.329"/>
  <system-out/>
  <testcase classname="testcase.LoginPageTest" name="verifyValidcredentials" time="4.298"/>
  <system-out/>
</testsuite> <!-- testcase.LoginPageTest -->
