<?xml version="1.0" encoding="UTF-8"?>
<!-- Generated by org.testng.reporters.JUnitReportReporter -->
<testsuite hostname="DESKTOP-QTJOPQL" failures="0" tests="2" name="testcase.ProfilePageTest" time="19.712" errors="0" timestamp="2024-01-10T21:17:12 IST" skipped="0">
  <testcase classname="testcase.ProfilePageTest" name="verifyRequiredFirstName" time="9.891"/>
  <system-out/>
  <testcase classname="testcase.ProfilePageTest" name="verifyvalidationFirstname" time="9.821"/>
  <system-out/>
</testsuite> <!-- testcase.ProfilePageTest -->
