<?xml version="1.0" encoding="UTF-8"?>
<!-- Generated by org.testng.reporters.JUnitReportReporter -->
<testsuite hostname="DESKTOP-QTJOPQL" failures="0" tests="2" name="testcase.ItemsPageTest" time="23.102" errors="0" timestamp="2023-12-14T19:12:43 IST" skipped="0">
  <testcase classname="testcase.ItemsPageTest" name="verifyItemsTitle" time="11.913"/>
  <system-out/>
  <testcase classname="testcase.ItemsPageTest" name="verifyAddItemsDescription" time="11.189"/>
  <system-out/>
</testsuite> <!-- testcase.ItemsPageTest -->
