<?xml version="1.0" encoding="UTF-8"?>
<!-- Generated by org.testng.reporters.JUnitReportReporter -->
<testsuite hostname="DESKTOP-QTJOPQL" failures="0" tests="2" name="testcase.NotesTest" time="21.759" errors="0" timestamp="2023-12-14T19:39:46 IST" skipped="0">
  <testcase classname="testcase.NotesTest" name="verifyAddNotesDescription" time="10.460"/>
  <system-out/>
  <testcase classname="testcase.NotesTest" name="verifyAddNotesTestTitle" time="11.299"/>
  <system-out/>
</testsuite> <!-- testcase.NotesTest -->
