<?xml version="1.0" encoding="UTF-8"?>
<!-- Generated by org.testng.reporters.JUnitReportReporter -->
<testsuite hostname="DESKTOP-QTJOPQL" failures="0" tests="1" name="testcase.ProfilePageTest" time="20.039" errors="0" timestamp="2023-12-11T21:13:41 IST" skipped="0">
  <testcase classname="testcase.ProfilePageTest" name="verifyUseraddprofile" time="20.039"/>
  <system-out/>
</testsuite> <!-- testcase.ProfilePageTest -->
