<?xml version="1.0" encoding="UTF-8"?>
<!-- Generated by org.testng.reporters.JUnitReportReporter -->
<testsuite hostname="DESKTOP-QTJOPQL" failures="0" tests="2" name="testcase.DashboardTest" time="56.184" errors="0" timestamp="2023-12-21T20:26:34 IST" skipped="0">
  <testcase classname="testcase.DashboardTest" name="verifyDashboardLogo" time="27.918"/>
  <system-out/>
  <testcase classname="testcase.DashboardTest" name="verifyDashboardDocumentRequired" time="28.266"/>
  <system-out/>
</testsuite> <!-- testcase.DashboardTest -->
