<?xml version="1.0" encoding="UTF-8"?>
<!-- Generated by org.testng.reporters.JUnitReportReporter -->
<testsuite hostname="DESKTOP-QTJOPQL" failures="0" tests="2" name="testcase.TimecardTest" time="17.150" errors="0" timestamp="2024-01-03T08:08:24 IST" skipped="0">
  <testcase classname="testcase.TimecardTest" name="verifyInTimerequired" time="9.334"/>
  <system-out/>
  <testcase classname="testcase.TimecardTest" name="verifyTimeTeammember" time="7.816"/>
  <system-out/>
</testsuite> <!-- testcase.TimecardTest -->
