<?xml version="1.0" encoding="UTF-8"?>
<!-- Generated by org.testng.reporters.JUnitReportReporter -->
<testsuite hostname="DESKTOP-QTJOPQL" failures="0" tests="2" name="testcase.EventsPageTest" time="17.728" errors="0" timestamp="2023-12-14T18:49:59 IST" skipped="0">
  <testcase classname="testcase.EventsPageTest" name="verifyUseraddeventTitle" time="8.687"/>
  <system-out/>
  <testcase classname="testcase.EventsPageTest" name="verifyUseraddeventDescrition" time="9.041"/>
  <system-out/>
</testsuite> <!-- testcase.EventsPageTest -->
