<?xml version="1.0" encoding="UTF-8"?>
<!-- Generated by org.testng.reporters.JUnitReportReporter -->
<testsuite hostname="DESKTOP-QTJOPQL" failures="0" tests="2" name="testcase.LoginPageTest" time="12.717" errors="0" timestamp="2023-12-25T07:36:24 IST" skipped="0">
  <testcase classname="testcase.LoginPageTest" name="invalidusername" time="5.486"/>
  <system-out/>
  <testcase classname="testcase.LoginPageTest" name="verifyValidcredentials" time="7.231"/>
  <system-out/>
</testsuite> <!-- testcase.LoginPageTest -->
