<?xml version="1.0" encoding="UTF-8"?>
<!-- Generated by org.testng.reporters.JUnitReportReporter -->
<testsuite hostname="DESKTOP-QTJOPQL" failures="0" tests="2" name="testcase.EventsPageTest" time="19.619" errors="0" timestamp="2023-12-28T21:30:38 IST" skipped="0">
  <testcase classname="testcase.EventsPageTest" name="verifyUseraddeventTitle" time="9.284"/>
  <system-out/>
  <testcase classname="testcase.EventsPageTest" name="verifyUseraddeventDescription" time="10.335"/>
  <system-out/>
</testsuite> <!-- testcase.EventsPageTest -->
