<?xml version="1.0" encoding="UTF-8"?>
<!-- Generated by org.testng.reporters.JUnitReportReporter -->
<testsuite hostname="DESKTOP-QTJOPQL" failures="0" tests="1" name="testcase.MessageTabTest" time="8.598" errors="0" timestamp="2023-12-11T07:29:11 IST" skipped="0">
  <testcase classname="testcase.MessageTabTest" name="messageData" time="8.598"/>
  <system-out/>
</testsuite> <!-- testcase.MessageTabTest -->
