<?xml version="1.0" encoding="UTF-8"?>
<!-- Generated by org.testng.reporters.JUnitReportReporter -->
<testsuite hostname="DESKTOP-QTJOPQL" failures="0" tests="2" name="testcase.AnnouncementTest" time="17.286" errors="0" timestamp="2023-12-22T23:56:45 IST" skipped="0">
  <testcase classname="testcase.AnnouncementTest" name="titleErrorAnnouncement" time="7.641"/>
  <system-out/>
  <testcase classname="testcase.AnnouncementTest" name="verifyAddAnnouncementsTitle" time="9.645"/>
  <system-out/>
</testsuite> <!-- testcase.AnnouncementTest -->
