<?xml version="1.0" encoding="UTF-8"?>
<!-- Generated by org.testng.reporters.JUnitReportReporter -->
<testsuite hostname="DESKTOP-QTJOPQL" failures="0" tests="1" name="testcase.EventsPageTest" time="11.484" errors="0" timestamp="2023-12-10T12:10:57 IST" skipped="0">
  <testcase classname="testcase.EventsPageTest" name="verifyUseraddevent" time="11.484"/>
  <system-out/>
</testsuite> <!-- testcase.EventsPageTest -->
