<?xml version="1.0" encoding="UTF-8"?>
<!-- Generated by org.testng.reporters.JUnitReportReporter -->
<testsuite hostname="DESKTOP-QTJOPQL" failures="0" tests="1" name="testcase.ItemsPageTest" time="10.153" errors="0" timestamp="2023-12-13T06:12:44 IST" skipped="0">
  <testcase classname="testcase.ItemsPageTest" name="verifyAddItemsTest" time="10.153"/>
  <system-out/>
</testsuite> <!-- testcase.ItemsPageTest -->
