<?xml version="1.0" encoding="UTF-8"?>
<!-- Generated by org.testng.reporters.JUnitReportReporter -->
<testsuite hostname="DESKTOP-QTJOPQL" failures="0" tests="1" name="testcase.TimecardTest" time="7.397" errors="0" timestamp="2023-12-14T06:01:03 IST" skipped="0">
  <testcase classname="testcase.TimecardTest" name="verifyTimeTeammemberrequired" time="7.397"/>
  <system-out/>
</testsuite> <!-- testcase.TimecardTest -->
