<?xml version="1.0" encoding="UTF-8"?>
<!-- Generated by org.testng.reporters.JUnitReportReporter -->
<testsuite hostname="DESKTOP-QTJOPQL" failures="0" tests="2" name="testcase.ItemsPageTest" time="20.735" errors="0" timestamp="2023-12-21T20:26:34 IST" skipped="0">
  <testcase classname="testcase.ItemsPageTest" name="verifyAddItemsDescription" time="9.731"/>
  <system-out/>
  <testcase classname="testcase.ItemsPageTest" name="verifyItemsTitle" time="11.004"/>
  <system-out/>
</testsuite> <!-- testcase.ItemsPageTest -->
