<?xml version="1.0" encoding="UTF-8"?>
<!-- Generated by org.testng.reporters.JUnitReportReporter -->
<testsuite hostname="DESKTOP-QTJOPQL" failures="0" tests="1" name="testcase.ProfilePageTest" time="8.034" errors="0" timestamp="2023-12-13T06:12:44 IST" skipped="0">
  <testcase classname="testcase.ProfilePageTest" name="verifyUseraddprofile" time="8.034"/>
  <system-out/>
</testsuite> <!-- testcase.ProfilePageTest -->
