<?xml version="1.0" encoding="UTF-8"?>
<!-- Generated by org.testng.reporters.JUnitReportReporter -->
<testsuite hostname="DESKTOP-QTJOPQL" failures="0" tests="1" name="testcase.ItemsPageTest" time="11.355" errors="0" timestamp="2023-12-12T19:21:23 IST" skipped="0">
  <testcase classname="testcase.ItemsPageTest" name="verifyAddItemsTest" time="11.355"/>
  <system-out/>
</testsuite> <!-- testcase.ItemsPageTest -->
