<?xml version="1.0" encoding="UTF-8"?>
<!-- Generated by org.testng.reporters.JUnitReportReporter -->
<testsuite hostname="DESKTOP-QTJOPQL" failures="0" tests="1" name="testcase.AnnouncementTest" time="7.775" errors="0" timestamp="2023-12-13T06:12:44 IST" skipped="0">
  <testcase classname="testcase.AnnouncementTest" name="verifyAddAnnouncements" time="7.775"/>
  <system-out/>
</testsuite> <!-- testcase.AnnouncementTest -->
