<?xml version="1.0" encoding="UTF-8"?>
<!-- Generated by org.testng.reporters.JUnitReportReporter -->
<testsuite hostname="DESKTOP-QTJOPQL" failures="0" tests="2" name="testcase.ProfilePageTest" time="17.637" errors="0" timestamp="2023-12-22T23:56:45 IST" skipped="0">
  <testcase classname="testcase.ProfilePageTest" name="verifyFirstName" time="10.102"/>
  <system-out/>
  <testcase classname="testcase.ProfilePageTest" name="verifyUseraddprofileAddress" time="7.535"/>
  <system-out/>
</testsuite> <!-- testcase.ProfilePageTest -->
