<?xml version="1.0" encoding="UTF-8"?>
<!-- Generated by org.testng.reporters.JUnitReportReporter -->
<testsuite hostname="DESKTOP-QTJOPQL" failures="0" tests="2" name="testcase.LoginPageTest" time="12.040" errors="0" timestamp="2023-12-22T23:56:45 IST" skipped="0">
  <testcase classname="testcase.LoginPageTest" name="invalidusername" time="4.957"/>
  <system-out/>
  <testcase classname="testcase.LoginPageTest" name="verifyValidcredentials" time="7.083"/>
  <system-out/>
</testsuite> <!-- testcase.LoginPageTest -->
