<?xml version="1.0" encoding="UTF-8"?>
<!-- Generated by org.testng.reporters.JUnitReportReporter -->
<testsuite hostname="DESKTOP-QTJOPQL" failures="0" tests="2" name="testcase.ProfilePageTest" time="26.827" errors="0" timestamp="2023-12-14T19:52:04 IST" skipped="0">
  <testcase classname="testcase.ProfilePageTest" name="verifyUseraddprofileAddress" time="12.909"/>
  <system-out/>
  <testcase classname="testcase.ProfilePageTest" name="verifyFirstName" time="13.918"/>
  <system-out/>
</testsuite> <!-- testcase.ProfilePageTest -->
