<?xml version="1.0" encoding="UTF-8"?>
<!-- Generated by org.testng.reporters.JUnitReportReporter -->
<testsuite hostname="DESKTOP-QTJOPQL" failures="0" tests="2" name="testcase.LoginPageTest" time="11.258" errors="0" timestamp="2023-12-21T20:26:34 IST" skipped="0">
  <testcase classname="testcase.LoginPageTest" name="invalidusername" time="5.238"/>
  <system-out/>
  <testcase classname="testcase.LoginPageTest" name="verifyValidcredentials" time="6.020"/>
  <system-out/>
</testsuite> <!-- testcase.LoginPageTest -->
