<?xml version="1.0" encoding="UTF-8"?>
<!-- Generated by org.testng.reporters.JUnitReportReporter -->
<testsuite hostname="DESKTOP-QTJOPQL" failures="0" tests="1" name="testcase.NotesTest" time="9.298" errors="0" timestamp="2023-12-13T06:12:44 IST" skipped="0">
  <testcase classname="testcase.NotesTest" name="verifyAddNotesTest" time="9.298"/>
  <system-out/>
</testsuite> <!-- testcase.NotesTest -->
