<?xml version="1.0" encoding="UTF-8"?>
<!-- Generated by org.testng.reporters.JUnitReportReporter -->
<testsuite hostname="DESKTOP-QTJOPQL" failures="0" tests="1" name="testcase.NotesTest" time="11.122" errors="0" timestamp="2023-12-06T20:06:29 IST" skipped="0">
  <testcase classname="testcase.NotesTest" name="verifyAddNotesTest" time="11.122"/>
  <system-out/>
</testsuite> <!-- testcase.NotesTest -->
