<?xml version="1.0" encoding="UTF-8"?>
<!-- Generated by org.testng.reporters.JUnitReportReporter -->
<testsuite hostname="DESKTOP-QTJOPQL" failures="0" tests="1" name="testcase.ClientsPageTest" time="10.264" errors="0" timestamp="2023-12-11T19:52:42 IST" skipped="0">
  <testcase classname="testcase.ClientsPageTest" name="verifyAddClientsTest" time="10.264"/>
  <system-out/>
</testsuite> <!-- testcase.ClientsPageTest -->
