<?xml version="1.0" encoding="UTF-8"?>
<!-- Generated by org.testng.reporters.JUnitReportReporter -->
<testsuite hostname="DESKTOP-QTJOPQL" failures="0" tests="1" name="testcase.ClientsPageTest" time="11.563" errors="0" timestamp="2024-01-10T21:31:07 IST" skipped="0">
  <testcase classname="testcase.ClientsPageTest" name="verifClientsCompanyName" time="11.563"/>
  <system-out/>
</testsuite> <!-- testcase.ClientsPageTest -->
