<?xml version="1.0" encoding="UTF-8"?>
<!-- Generated by org.testng.reporters.JUnitReportReporter -->
<testsuite hostname="DESKTOP-QTJOPQL" failures="0" tests="2" name="testcase.AnnouncementTest" time="14.755" errors="0" timestamp="2023-12-21T20:26:34 IST" skipped="0">
  <testcase classname="testcase.AnnouncementTest" name="titleErrorAnnouncement" time="7.103"/>
  <system-out/>
  <testcase classname="testcase.AnnouncementTest" name="verifyAddAnnouncementsTitle" time="7.652"/>
  <system-out/>
</testsuite> <!-- testcase.AnnouncementTest -->
