<?xml version="1.0" encoding="UTF-8"?>
<!-- Generated by org.testng.reporters.JUnitReportReporter -->
<testsuite hostname="DESKTOP-QTJOPQL" failures="0" tests="2" name="testcase.DashboardTest" time="55.795" errors="0" timestamp="2023-12-14T18:33:25 IST" skipped="0">
  <testcase classname="testcase.DashboardTest" name="verifyDashboardDocumentRequired" time="27.616"/>
  <system-out/>
  <testcase classname="testcase.DashboardTest" name="verifyDashboardLogo" time="28.179"/>
  <system-out/>
</testsuite> <!-- testcase.DashboardTest -->
