<?xml version="1.0" encoding="UTF-8"?>
<!-- Generated by org.testng.reporters.JUnitReportReporter -->
<testsuite hostname="DESKTOP-QTJOPQL" failures="0" tests="2" name="testcase.EventsPageTest" time="16.611" errors="0" timestamp="2023-12-22T23:56:45 IST" skipped="0">
  <testcase classname="testcase.EventsPageTest" name="verifyUseraddeventDescription" time="8.642"/>
  <system-out/>
  <testcase classname="testcase.EventsPageTest" name="verifyUseraddeventTitle" time="7.969"/>
  <system-out/>
</testsuite> <!-- testcase.EventsPageTest -->
