<?xml version="1.0" encoding="UTF-8"?>
<!-- Generated by org.testng.reporters.JUnitReportReporter -->
<testsuite hostname="DESKTOP-QTJOPQL" failures="0" tests="2" name="testcase.ProfilePageTest" time="17.422" errors="0" timestamp="2023-12-29T07:32:31 IST" skipped="0">
  <testcase classname="testcase.ProfilePageTest" name="verifyvalidationFirstname" time="9.548"/>
  <system-out/>
  <testcase classname="testcase.ProfilePageTest" name="verifyRequiredFirstName" time="7.874"/>
  <system-out/>
</testsuite> <!-- testcase.ProfilePageTest -->
