<?xml version="1.0" encoding="UTF-8"?>
<!-- Generated by org.testng.reporters.JUnitReportReporter -->
<testsuite hostname="DESKTOP-QTJOPQL" failures="0" tests="1" name="testcase.TimecardTest" time="7.133" errors="0" timestamp="2023-12-13T06:39:08 IST" skipped="0">
  <testcase classname="testcase.TimecardTest" name="verifyTime" time="7.133"/>
  <system-out/>
</testsuite> <!-- testcase.TimecardTest -->
