<?xml version="1.0" encoding="UTF-8"?>
<!-- Generated by org.testng.reporters.JUnitReportReporter -->
<testsuite hostname="DESKTOP-QTJOPQL" failures="0" tests="2" name="testcase.DashboardTest" time="53.930" errors="0" timestamp="2023-12-22T23:56:45 IST" skipped="0">
  <testcase classname="testcase.DashboardTest" name="verifyDashboardDocumentRequired" time="26.768"/>
  <system-out/>
  <testcase classname="testcase.DashboardTest" name="verifyDashboardLogo" time="27.162"/>
  <system-out/>
</testsuite> <!-- testcase.DashboardTest -->
