<?xml version="1.0" encoding="UTF-8"?>
<!-- Generated by org.testng.reporters.JUnitReportReporter -->
<testsuite hostname="DESKTOP-QTJOPQL" failures="0" tests="2" name="testcase.AnnouncementTest" time="27.931" errors="0" timestamp="2024-01-09T21:36:11 IST" skipped="0">
  <testcase classname="testcase.AnnouncementTest" name="titleAnnouncementRequiredField" time="18.548"/>
  <system-out/>
  <testcase classname="testcase.AnnouncementTest" name="verifyAddAnnouncementsTitle" time="9.383"/>
  <system-out/>
</testsuite> <!-- testcase.AnnouncementTest -->
