<?xml version="1.0" encoding="UTF-8"?>
<!-- Generated by org.testng.reporters.JUnitReportReporter -->
<testsuite hostname="DESKTOP-QTJOPQL" failures="0" tests="2" name="testcase.MessagePageTest" time="19.508" errors="0" timestamp="2023-12-14T19:22:06 IST" skipped="0">
  <testcase classname="testcase.MessagePageTest" name="verifyUserSubjectRequired" time="8.949"/>
  <system-out/>
  <testcase classname="testcase.MessagePageTest" name="verifyUsermessagesent" time="10.559"/>
  <system-out/>
</testsuite> <!-- testcase.MessagePageTest -->
