<?xml version="1.0" encoding="UTF-8"?>
<!-- Generated by org.testng.reporters.JUnitReportReporter -->
<testsuite hostname="DESKTOP-QTJOPQL" failures="0" tests="1" name="testcase.ItemsPageTest" time="11.629" errors="0" timestamp="2023-12-09T17:17:02 IST" skipped="0">
  <testcase classname="testcase.ItemsPageTest" name="verifyAddItemsTest" time="11.629"/>
  <system-out/>
</testsuite> <!-- testcase.ItemsPageTest -->
