<?xml version="1.0" encoding="UTF-8"?>
<!-- Generated by org.testng.reporters.JUnitReportReporter -->
<testsuite hostname="DESKTOP-QTJOPQL" failures="0" tests="1" name="testcase.MessagePageTest" time="8.625" errors="0" timestamp="2023-12-11T20:26:56 IST" skipped="0">
  <testcase classname="testcase.MessagePageTest" name="verifyUseraddmessage" time="8.625"/>
  <system-out/>
</testsuite> <!-- testcase.MessagePageTest -->
