<?xml version="1.0" encoding="UTF-8"?>
<!-- Generated by org.testng.reporters.JUnitReportReporter -->
<testsuite hostname="DESKTOP-QTJOPQL" failures="0" tests="2" name="testcase.NotesTest" time="19.034" errors="0" timestamp="2023-12-21T20:26:34 IST" skipped="0">
  <testcase classname="testcase.NotesTest" name="verifyAddNotesTestTitle" time="9.164"/>
  <system-out/>
  <testcase classname="testcase.NotesTest" name="verifyAddNotesDescription" time="9.870"/>
  <system-out/>
</testsuite> <!-- testcase.NotesTest -->
