<?xml version="1.0" encoding="UTF-8"?>
<!-- Generated by org.testng.reporters.JUnitReportReporter -->
<testsuite hostname="DESKTOP-QTJOPQL" failures="0" tests="2" name="testcase.EventsPageTest" time="16.022" errors="0" timestamp="2023-12-21T20:26:34 IST" skipped="0">
  <testcase classname="testcase.EventsPageTest" name="verifyUseraddeventTitle" time="8.500"/>
  <system-out/>
  <testcase classname="testcase.EventsPageTest" name="verifyUseraddeventDescription" time="7.522"/>
  <system-out/>
</testsuite> <!-- testcase.EventsPageTest -->
