<?xml version="1.0" encoding="UTF-8"?>
<!-- Generated by org.testng.reporters.JUnitReportReporter -->
<testsuite hostname="DESKTOP-QTJOPQL" failures="0" tests="2" name="testcase.NotesTest" time="15.441" errors="0" timestamp="2024-01-06T15:39:45 IST" skipped="0">
  <testcase classname="testcase.NotesTest" name="verifyAddNotesTitle" time="7.542"/>
  <system-out/>
  <testcase classname="testcase.NotesTest" name="verifyAddNotesDescription" time="7.899"/>
  <system-out/>
</testsuite> <!-- testcase.NotesTest -->
