<?xml version="1.0" encoding="UTF-8"?>
<!-- Generated by org.testng.reporters.JUnitReportReporter -->
<testsuite hostname="DESKTOP-QTJOPQL" failures="0" tests="1" name="testcase.DashboardTest" time="14.209" errors="0" timestamp="2023-12-06T20:06:29 IST" skipped="0">
  <testcase classname="testcase.DashboardTest" name="verifyAddDashboardTest" time="14.209"/>
  <system-out/>
</testsuite> <!-- testcase.DashboardTest -->
