<?xml version="1.0" encoding="UTF-8"?>
<!-- Generated by org.testng.reporters.JUnitReportReporter -->
<testsuite hostname="DESKTOP-QTJOPQL" failures="0" tests="1" name="testcase.ClientsPageTest" time="13.416" errors="0" timestamp="2023-12-14T20:13:19 IST" skipped="0">
  <testcase classname="testcase.ClientsPageTest" name="verifyAddClientsTest" time="13.416"/>
  <system-out/>
</testsuite> <!-- testcase.ClientsPageTest -->
