<?xml version="1.0" encoding="UTF-8"?>
<!-- Generated by org.testng.reporters.JUnitReportReporter -->
<testsuite hostname="DESKTOP-QTJOPQL" failures="0" tests="1" name="testcase.TimecardTest" time="9.208" errors="0" timestamp="2023-12-21T20:26:34 IST" skipped="0">
  <testcase classname="testcase.TimecardTest" name="verifyTimeTeammemberrequired" time="9.208"/>
  <system-out/>
</testsuite> <!-- testcase.TimecardTest -->
